<?xml version="1.0" encoding="UTF-8"?>
<!-- Generated by org.testng.reporters.JUnitXMLReporter -->
<testsuite ignored="2" hostname="LAPTOP-E2KT3BQR" failures="0" tests="1" name="Test" time="8.358" errors="0" timestamp="2023-12-30T12:26:55 IST">
  <testcase classname="MyntraTestCases.TestCasesMyntra" name="testcases04" time="2.832"/>
  <testcase classname="MyntraTestCases.TestCasesMyntra" name="testCase01" time="0.0">
    <ignored/>
  </testcase> <!-- testCase01 -->
  <testcase classname="MyntraTestCases.TestCasesMyntra" name="testcases02" time="0.0">
    <ignored/>
  </testcase> <!-- testcases02 -->
</testsuite> <!-- Test -->
