<?xml version="1.0" encoding="UTF-8"?>
<!-- Generated by org.testng.reporters.JUnitXMLReporter -->
<testsuite ignored="0" hostname="LAPTOP-E2KT3BQR" failures="0" tests="4" name="Default test" time="17.861" errors="0" timestamp="2023-12-29T20:24:12 IST">
  <testcase classname="MyntraTestCases.TestCasesMyntra" name="testCase01" time="4.81"/>
  <testcase classname="MyntraTestCases.TestCasesMyntra" name="testcase04" time="2.168"/>
  <testcase classname="MyntraTestCases.TestCasesMyntra" name="testcases02" time="2.091"/>
  <testcase classname="MyntraTestCases.TestCasesMyntra" name="testcases03" time="2.838"/>
</testsuite> <!-- Default test -->
