<?xml version="1.0" encoding="UTF-8"?>
<testng-results ignored="0" total="1" passed="1" failed="0" skipped="0">
  <reporter-output>
  </reporter-output>
  <suite started-at="2023-12-30T12:26:47 IST" name="Suite" finished-at="2023-12-30T12:26:55 IST" duration-ms="8358">
    <groups>
    </groups>
    <test started-at="2023-12-30T12:26:47 IST" name="Test" finished-at="2023-12-30T12:26:55 IST" duration-ms="8358">
      <class name="MyntraTestCases.TestCasesMyntra">
        <test-method is-config="true" signature="initialize()[pri:0, instance:MyntraTestCases.TestCasesMyntra@74fe5c40]" started-at="2023-12-30T12:26:47 IST" name="initialize" finished-at="2023-12-30T12:26:53 IST" duration-ms="5455" status="PASS">
          <reporter-output>
          </reporter-output>
        </test-method> <!-- initialize -->
        <test-method signature="testcases04()[pri:0, instance:MyntraTestCases.TestCasesMyntra@74fe5c40]" started-at="2023-12-30T12:26:53 IST" name="testcases04" finished-at="2023-12-30T12:26:55 IST" duration-ms="2832" status="PASS">
          <reporter-output>
          </reporter-output>
        </test-method> <!-- testcases04 -->
      </class> <!-- MyntraTestCases.TestCasesMyntra -->
    </test> <!-- Test -->
  </suite> <!-- Suite -->
</testng-results>
